app/build/outputs/logs/manifest-merger-debug-report.txt
-- Merging decision tree log ---
manifest
ADDED from src/main/AndroidManifest.xml:2:1-56:12
INJECTED from src/main/AndroidManifest.xml:2:1-56:12
INJECTED from src/main/AndroidManifest.xml:2:1-56:12
INJECTED from src/main/AndroidManifest.xml:2:1-56:12
INJECTED from src/main/AndroidManifest.xml:2:1-56:12
INJECTED from src/main/AndroidManifest.xml:2:1-56:12
INJECTED from src/main/AndroidManifest.xml:2:1-56:12
	package
		ADDED from src/main/AndroidManifest.xml:3:5-35
		INJECTED from src/main/AndroidManifest.xml
		INJECTED from src/main/AndroidManifest.xml
	android:versionName
		ADDED from src/main/AndroidManifest.xml:5:5-42
		INJECTED from src/main/AndroidManifest.xml
		INJECTED from src/main/AndroidManifest.xml
	xmlns:android
		ADDED from src/main/AndroidManifest.xml:2:11-69
	android:versionCode
		ADDED from src/main/AndroidManifest.xml:4:5-30
		INJECTED from src/main/AndroidManifest.xml
		INJECTED from src/main/AndroidManifest.xml
uses-sdk
ADDED from src/main/AndroidManifest.xml:7:5-9:41
INJECTED from src/main/AndroidManifest.xml:7:5-9:41
INJECTED from src/main/AndroidManifest.xml:7:5-9:41
INJECTED from src/main/AndroidManifest.xml:7:5-9:41
INJECTED from src/main/AndroidManifest.xml:7:5-9:41
	android:targetSdkVersion
		ADDED from src/main/AndroidManifest.xml:9:9-38
		INJECTED from src/main/AndroidManifest.xml
		INJECTED from src/main/AndroidManifest.xml
	android:minSdkVersion
		ADDED from src/main/AndroidManifest.xml:8:9-34
		INJECTED from src/main/AndroidManifest.xml
		INJECTED from src/main/AndroidManifest.xml
supports-screens
ADDED from src/main/AndroidManifest.xml:11:5-15:39
	android:largeScreens
		ADDED from src/main/AndroidManifest.xml:12:9-36
	android:smallScreens
		ADDED from src/main/AndroidManifest.xml:15:9-36
	android:normalScreens
		ADDED from src/main/AndroidManifest.xml:13:9-37
	android:resizeable
		ADDED from src/main/AndroidManifest.xml:14:9-34
uses-permission#android.permission.INTERNET
ADDED from src/main/AndroidManifest.xml:17:5-67
	android:name
		ADDED from src/main/AndroidManifest.xml:17:22-64
uses-permission#android.permission.ACCESS_NETWORK_STATE
ADDED from src/main/AndroidManifest.xml:18:5-79
	android:name
		ADDED from src/main/AndroidManifest.xml:18:22-76
uses-permission#android.permission.WRITE_EXTERNAL_STORAGE
ADDED from src/main/AndroidManifest.xml:19:5-81
	android:name
		ADDED from src/main/AndroidManifest.xml:19:22-78
application
ADDED from src/main/AndroidManifest.xml:21:5-54:19
	android:label
		ADDED from src/main/AndroidManifest.xml:25:9-40
	android:hardwareAccelerated
		ADDED from src/main/AndroidManifest.xml:23:9-43
	android:icon
		ADDED from src/main/AndroidManifest.xml:24:9-38
	android:allowBackup
		ADDED from src/main/AndroidManifest.xml:22:9-35
activity#org.freshrss.easyrss.Home
ADDED from src/main/AndroidManifest.xml:26:9-37:20
	android:launchMode
		ADDED from src/main/AndroidManifest.xml:29:13-48
	android:windowSoftInputMode
		ADDED from src/main/AndroidManifest.xml:31:13-55
	android:configChanges
		ADDED from src/main/AndroidManifest.xml:28:13-74
	android:theme
		ADDED from src/main/AndroidManifest.xml:30:13-48
	android:name
		ADDED from src/main/AndroidManifest.xml:27:13-53
intent-filter#android.intent.action.MAIN+android.intent.category.LAUNCHER
ADDED from src/main/AndroidManifest.xml:32:13-36:29
action#android.intent.action.MAIN
ADDED from src/main/AndroidManifest.xml:33:17-69
	android:name
		ADDED from src/main/AndroidManifest.xml:33:25-66
category#android.intent.category.LAUNCHER
ADDED from src/main/AndroidManifest.xml:35:17-77
	android:name
		ADDED from src/main/AndroidManifest.xml:35:27-74
receiver#org.freshrss.easyrss.BootReceiver
ADDED from src/main/AndroidManifest.xml:39:9-43:20
	android:name
		ADDED from src/main/AndroidManifest.xml:39:19-67
intent-filter#android.intent.action.BOOT_COMPLETED
ADDED from src/main/AndroidManifest.xml:40:13-42:29
action#android.intent.action.BOOT_COMPLETED
ADDED from src/main/AndroidManifest.xml:41:17-79
	android:name
		ADDED from src/main/AndroidManifest.xml:41:25-76
receiver#org.freshrss.easyrss.SyncingReceiver
ADDED from src/main/AndroidManifest.xml:44:9-48:20
	android:name
		ADDED from src/main/AndroidManifest.xml:44:19-70
intent-filter#android.net.ConnectivityManager.CONNECTIVITY_ACTION
ADDED from src/main/AndroidManifest.xml:45:13-47:29
action#android.net.ConnectivityManager.CONNECTIVITY_ACTION
ADDED from src/main/AndroidManifest.xml:46:17-94
	android:name
		ADDED from src/main/AndroidManifest.xml:46:25-91
provider#org.freshrss.easyrss.data.DataProvider
ADDED from src/main/AndroidManifest.xml:50:9-53:40
	android:authorities
		ADDED from src/main/AndroidManifest.xml:52:13-60
	android:exported
		ADDED from src/main/AndroidManifest.xml:53:13-37
	android:name
		ADDED from src/main/AndroidManifest.xml:51:13-66